c:\users\davis\documents\projects\graphics_learning\springmasssim\springmasssim\debug\vc140.pdb
c:\users\davis\documents\projects\graphics_learning\springmasssim\springmasssim\debug\vc140.idb
c:\users\davis\documents\projects\graphics_learning\springmasssim\springmasssim\debug\loadprogram.obj
c:\users\davis\documents\projects\graphics_learning\springmasssim\springmasssim\debug\springmasssim.obj
c:\users\davis\documents\projects\graphics_learning\2d-mass-spring-sim\springmasssim\springmasssim\debug\vc140.pdb
c:\users\davis\documents\projects\graphics_learning\2d-mass-spring-sim\springmasssim\springmasssim\debug\vc140.idb
c:\users\davis\documents\projects\graphics_learning\2d-mass-spring-sim\springmasssim\springmasssim\debug\loadprogram.obj
c:\users\davis\documents\projects\graphics_learning\2d-mass-spring-sim\springmasssim\springmasssim\debug\springmasssim.obj
c:\users\davis\documents\projects\graphics_learning\springmasssim\debug\springmasssim.ilk
c:\users\davis\documents\projects\graphics_learning\springmasssim\debug\springmasssim.exe
c:\users\davis\documents\projects\graphics_learning\springmasssim\debug\springmasssim.pdb
c:\users\davis\documents\projects\graphics_learning\2d-mass-spring-sim\springmasssim\debug\springmasssim.ilk
c:\users\davis\documents\projects\graphics_learning\2d-mass-spring-sim\springmasssim\debug\springmasssim.exe
c:\users\davis\documents\projects\graphics_learning\2d-mass-spring-sim\springmasssim\debug\springmasssim.pdb
c:\users\davis\documents\projects\graphics_learning\2d-mass-spring-sim\springmasssim\springmasssim\debug\springmasssim.tlog\cl.command.1.tlog
c:\users\davis\documents\projects\graphics_learning\2d-mass-spring-sim\springmasssim\springmasssim\debug\springmasssim.tlog\cl.read.1.tlog
c:\users\davis\documents\projects\graphics_learning\2d-mass-spring-sim\springmasssim\springmasssim\debug\springmasssim.tlog\cl.write.1.tlog
c:\users\davis\documents\projects\graphics_learning\2d-mass-spring-sim\springmasssim\springmasssim\debug\springmasssim.tlog\link.command.1.tlog
c:\users\davis\documents\projects\graphics_learning\2d-mass-spring-sim\springmasssim\springmasssim\debug\springmasssim.tlog\link.read.1.tlog
c:\users\davis\documents\projects\graphics_learning\2d-mass-spring-sim\springmasssim\springmasssim\debug\springmasssim.tlog\link.write.1.tlog
